<?xml version="1.0" encoding="UTF-8"?>
<testsuite xmlns:xsi="http://www.w3.org/2001/XMLSchema-instance" xsi:noNamespaceSchemaLocation="https://maven.apache.org/surefire/maven-surefire-plugin/xsd/surefire-test-report-3.0.xsd" version="3.0" name="fr.uge.sed.StreamEditorTest$Q4" time="0.016" tests="11" errors="0" skipped="0" failures="2">
  <properties>
[...]
</properties>
  <testcase name="createRulesUppercase" classname="fr.uge.sed.StreamEditorTest$Q4" time="0.001"/>
  <testcase name="deleteOneLine" classname="fr.uge.sed.StreamEditorTest$Q4" time="0.001"/>
  <testcase name="createRulesLowercaseDotlessI" classname="fr.uge.sed.StreamEditorTest$Q4" time="0.006">
    <failure message="expected: &lt;ill&gt; but was: &lt;ıll&gt;" type="org.opentest4j.AssertionFailedError"><![CDATA[org.opentest4j.AssertionFailedError: expected: <ill> but was: <ıll>
	at org.junit.jupiter.api.AssertionFailureBuilder.build(AssertionFailureBuilder.java:151)
	at org.junit.jupiter.api.AssertionFailureBuilder.buildAndThrow(AssertionFailureBuilder.java:132)
	at org.junit.jupiter.api.AssertEquals.failNotEqual(AssertEquals.java:197)
	at org.junit.jupiter.api.AssertEquals.assertEquals(AssertEquals.java:182)
	at org.junit.jupiter.api.AssertEquals.assertEquals(AssertEquals.java:177)
	at org.junit.jupiter.api.Assertions.assertEquals(Assertions.java:1141)
	at fr.uge.sed.StreamEditorTest$Q4.createRulesLowercaseDotlessI(StreamEditorTest.java:265)
	at java.base/java.lang.reflect.Method.invoke(Method.java:578)
	at java.base/java.util.ArrayList.forEach(ArrayList.java:1511)
	at java.base/java.util.ArrayList.forEach(ArrayList.java:1511)
	at java.base/java.util.ArrayList.forEach(ArrayList.java:1511)
]]></failure>
  </testcase>
  <testcase name="uppercaseSeveraLines" classname="fr.uge.sed.StreamEditorTest$Q4" time="0.0"/>
  <testcase name="createRulesUppercaseDotlessI" classname="fr.uge.sed.StreamEditorTest$Q4" time="0.001">
    <failure message="expected: &lt;ILL&gt; but was: &lt;İLL&gt;" type="org.opentest4j.AssertionFailedError"><![CDATA[org.opentest4j.AssertionFailedError: expected: <ILL> but was: <İLL>
	at org.junit.jupiter.api.AssertionFailureBuilder.build(AssertionFailureBuilder.java:151)
	at org.junit.jupiter.api.AssertionFailureBuilder.buildAndThrow(AssertionFailureBuilder.java:132)
	at org.junit.jupiter.api.AssertEquals.failNotEqual(AssertEquals.java:197)
	at org.junit.jupiter.api.AssertEquals.assertEquals(AssertEquals.java:182)
	at org.junit.jupiter.api.AssertEquals.assertEquals(AssertEquals.java:177)
	at org.junit.jupiter.api.Assertions.assertEquals(Assertions.java:1141)
	at fr.uge.sed.StreamEditorTest$Q4.createRulesUppercaseDotlessI(StreamEditorTest.java:243)
	at java.base/java.lang.reflect.Method.invoke(Method.java:578)
	at java.base/java.util.ArrayList.forEach(ArrayList.java:1511)
	at java.base/java.util.ArrayList.forEach(ArrayList.java:1511)
	at java.base/java.util.ArrayList.forEach(ArrayList.java:1511)
]]></failure>
  </testcase>
  <testcase name="createRulesMalformed" classname="fr.uge.sed.StreamEditorTest$Q4" time="0.0"/>
  <testcase name="stripSeveraLines" classname="fr.uge.sed.StreamEditorTest$Q4" time="0.001"/>
  <testcase name="createRulesUpperCaseNonLatin" classname="fr.uge.sed.StreamEditorTest$Q4" time="0.0"/>
  <testcase name="lowercaseSeveraLines" classname="fr.uge.sed.StreamEditorTest$Q4" time="0.0"/>
  <testcase name="createRulesLowercase" classname="fr.uge.sed.StreamEditorTest$Q4" time="0.001"/>
  <testcase name="createRulesStrip" classname="fr.uge.sed.StreamEditorTest$Q4" time="0.0"/>
</testsuite>