<?xml version="1.0" encoding="UTF-8"?>
<testsuite xmlns:xsi="http://www.w3.org/2001/XMLSchema-instance" xsi:noNamespaceSchemaLocation="https://maven.apache.org/surefire/maven-surefire-plugin/xsd/surefire-test-report-3.0.xsd" version="3.0" name="fr.uge.sed.StreamEditorTest$Q2" time="2.021" tests="7" errors="0" skipped="0" failures="0">
  <properties>
[...]
</properties>
  <testcase name="rewriteALotOfLines" classname="fr.uge.sed.StreamEditorTest$Q2" time="0.03"/>
  <testcase name="rewriteSeveralLines" classname="fr.uge.sed.StreamEditorTest$Q2" time="0.001"/>
  <testcase name="rewriteOneLine" classname="fr.uge.sed.StreamEditorTest$Q2" time="0.001"/>
  <testcase name="rewriteEmpty" classname="fr.uge.sed.StreamEditorTest$Q2" time="0.0"/>
  <testcase name="rewriteAnUngodlyNumberOfLines" classname="fr.uge.sed.StreamEditorTest$Q2" time="1.981"/>
  <testcase name="preconditions" classname="fr.uge.sed.StreamEditorTest$Q2" time="0.002"/>
  <testcase name="streamEditorClassIsFinal" classname="fr.uge.sed.StreamEditorTest$Q2" time="0.0"/>
</testsuite>