<?xml version="1.0" encoding="UTF-8"?>
<testsuite xmlns:xsi="http://www.w3.org/2001/XMLSchema-instance" xsi:noNamespaceSchemaLocation="https://maven.apache.org/surefire/maven-surefire-plugin/xsd/surefire-test-report-3.0.xsd" version="3.0" name="fr.uge.sed.StreamEditorTest$Q4" time="0.016" tests="11" errors="0" skipped="0" failures="0">
  <properties>
[...]
</properties>
  <testcase name="createRulesUppercase" classname="fr.uge.sed.StreamEditorTest$Q4" time="0.002"/>
  <testcase name="deleteOneLine" classname="fr.uge.sed.StreamEditorTest$Q4" time="0.001"/>
  <testcase name="createRulesLowercaseDotlessI" classname="fr.uge.sed.StreamEditorTest$Q4" time="0.001"/>
  <testcase name="uppercaseSeveraLines" classname="fr.uge.sed.StreamEditorTest$Q4" time="0.001"/>
  <testcase name="createRulesUppercaseDotlessI" classname="fr.uge.sed.StreamEditorTest$Q4" time="0.001"/>
  <testcase name="createRulesMalformed" classname="fr.uge.sed.StreamEditorTest$Q4" time="0.001"/>
  <testcase name="stripSeveraLines" classname="fr.uge.sed.StreamEditorTest$Q4" time="0.0"/>
  <testcase name="createRulesUpperCaseNonLatin" classname="fr.uge.sed.StreamEditorTest$Q4" time="0.0"/>
  <testcase name="lowercaseSeveraLines" classname="fr.uge.sed.StreamEditorTest$Q4" time="0.001"/>
  <testcase name="createRulesLowercase" classname="fr.uge.sed.StreamEditorTest$Q4" time="0.002"/>
  <testcase name="createRulesStrip" classname="fr.uge.sed.StreamEditorTest$Q4" time="0.001"/>
</testsuite>